Case #1: 230 230
Case #2: 391 10
Case #3: 0 0
Case #4: 978 20
Case #5: 547 7
Case #6: 856 856
Case #7: 846 58
Case #8: 991 56
Case #9: 338 338
Case #10: 984 37
Case #11: 849 18
Case #12: 270 2
Case #13: 197 0
Case #14: 974 18
Case #15: 62 3
Case #16: 968 40
Case #17: 141 24
Case #18: 917 35
Case #19: 0 0
Case #20: 195 14
Case #21: 638 20
Case #22: 962 6
Case #23: 297 4
Case #24: 446 5
Case #25: 217 15
Case #26: 0 0
Case #27: 989 26
Case #28: 796 40
Case #29: 67 9
Case #30: 980 14
Case #31: 324 21
Case #32: 596 5
Case #33: 486 39
Case #34: 958 22
Case #35: 0 0
Case #36: 0 0
Case #37: 1000 1000
Case #38: 979 36
Case #39: 0 0
Case #40: 997 71
Case #41: 988 58
Case #42: 836 19
Case #43: 0 0
Case #44: 198 16
Case #45: 715 10
Case #46: 465 10
Case #47: 968 28
Case #48: 0 0
Case #49: 870 41
Case #50: 959 6
